[2024-11-14 12:20:22] local.ERROR: include(/var/www/html/vendor/composer/../revolution/self-ordering/src/Providers/OrderingServiceProvider.php): Failed to open stream: No such file or directory {"exception":"[object] (ErrorException(code: 0): include(/var/www/html/vendor/composer/../revolution/self-ordering/src/Providers/OrderingServiceProvider.php): Failed to open stream: No such file or directory at /var/www/html/vendor/composer/ClassLoader.php:576)
[stacktrace]
#0 /var/www/html/vendor/laravel/framework/src/Illuminate/Foundation/Bootstrap/HandleExceptions.php(256): Illuminate\\Foundation\\Bootstrap\\HandleExceptions->handleError()
#1 /var/www/html/vendor/composer/ClassLoader.php(576): Illuminate\\Foundation\\Bootstrap\\HandleExceptions->Illuminate\\Foundation\\Bootstrap\\{closure}()
#2 /var/www/html/vendor/composer/ClassLoader.php(576): include('...')
#3 /var/www/html/vendor/composer/ClassLoader.php(427): Composer\\Autoload\\{closure}()
#4 /var/www/html/vendor/laravel/framework/src/Illuminate/Foundation/Application.php(935): Composer\\Autoload\\ClassLoader->loadClass()
#5 /var/www/html/vendor/laravel/framework/src/Illuminate/Foundation/Application.php(867): Illuminate\\Foundation\\Application->resolveProvider()
#6 /var/www/html/vendor/laravel/framework/src/Illuminate/Foundation/ProviderRepository.php(75): Illuminate\\Foundation\\Application->register()
#7 /var/www/html/vendor/laravel/framework/src/Illuminate/Foundation/Application.php(845): Illuminate\\Foundation\\ProviderRepository->load()
#8 /var/www/html/vendor/laravel/framework/src/Illuminate/Foundation/Bootstrap/RegisterProviders.php(37): Illuminate\\Foundation\\Application->registerConfiguredProviders()
#9 /var/www/html/vendor/laravel/framework/src/Illuminate/Foundation/Application.php(316): Illuminate\\Foundation\\Bootstrap\\RegisterProviders->bootstrap()
#10 /var/www/html/vendor/laravel/framework/src/Illuminate/Foundation/Console/Kernel.php(473): Illuminate\\Foundation\\Application->bootstrapWith()
#11 /var/www/html/vendor/laravel/framework/src/Illuminate/Foundation/Console/Kernel.php(195): Illuminate\\Foundation\\Console\\Kernel->bootstrap()
#12 /var/www/html/vendor/laravel/framework/src/Illuminate/Foundation/Application.php(1205): Illuminate\\Foundation\\Console\\Kernel->handle()
#13 /var/www/html/artisan(13): Illuminate\\Foundation\\Application->handleCommand()
#14 {main}
"} 
[2024-11-14 12:20:25] local.ERROR: include(/var/www/html/vendor/composer/../revolution/self-ordering/src/Providers/OrderingServiceProvider.php): Failed to open stream: No such file or directory {"exception":"[object] (ErrorException(code: 0): include(/var/www/html/vendor/composer/../revolution/self-ordering/src/Providers/OrderingServiceProvider.php): Failed to open stream: No such file or directory at /var/www/html/vendor/composer/ClassLoader.php:576)
[stacktrace]
#0 /var/www/html/vendor/laravel/framework/src/Illuminate/Foundation/Bootstrap/HandleExceptions.php(256): Illuminate\\Foundation\\Bootstrap\\HandleExceptions->handleError()
#1 /var/www/html/vendor/composer/ClassLoader.php(576): Illuminate\\Foundation\\Bootstrap\\HandleExceptions->Illuminate\\Foundation\\Bootstrap\\{closure}()
#2 /var/www/html/vendor/composer/ClassLoader.php(576): include('...')
#3 /var/www/html/vendor/composer/ClassLoader.php(427): Composer\\Autoload\\{closure}()
#4 /var/www/html/vendor/laravel/framework/src/Illuminate/Foundation/Application.php(935): Composer\\Autoload\\ClassLoader->loadClass()
#5 /var/www/html/vendor/laravel/framework/src/Illuminate/Foundation/Application.php(867): Illuminate\\Foundation\\Application->resolveProvider()
#6 /var/www/html/vendor/laravel/framework/src/Illuminate/Foundation/ProviderRepository.php(75): Illuminate\\Foundation\\Application->register()
#7 /var/www/html/vendor/laravel/framework/src/Illuminate/Foundation/Application.php(845): Illuminate\\Foundation\\ProviderRepository->load()
#8 /var/www/html/vendor/laravel/framework/src/Illuminate/Foundation/Bootstrap/RegisterProviders.php(37): Illuminate\\Foundation\\Application->registerConfiguredProviders()
#9 /var/www/html/vendor/laravel/framework/src/Illuminate/Foundation/Application.php(316): Illuminate\\Foundation\\Bootstrap\\RegisterProviders->bootstrap()
#10 /var/www/html/vendor/laravel/framework/src/Illuminate/Foundation/Console/Kernel.php(473): Illuminate\\Foundation\\Application->bootstrapWith()
#11 /var/www/html/vendor/laravel/framework/src/Illuminate/Foundation/Console/Kernel.php(195): Illuminate\\Foundation\\Console\\Kernel->bootstrap()
#12 /var/www/html/vendor/laravel/framework/src/Illuminate/Foundation/Application.php(1205): Illuminate\\Foundation\\Console\\Kernel->handle()
#13 /var/www/html/artisan(13): Illuminate\\Foundation\\Application->handleCommand()
#14 {main}
"} 
[2024-11-14 12:20:28] local.ERROR: include(/var/www/html/vendor/composer/../revolution/self-ordering/src/Providers/OrderingServiceProvider.php): Failed to open stream: No such file or directory {"exception":"[object] (ErrorException(code: 0): include(/var/www/html/vendor/composer/../revolution/self-ordering/src/Providers/OrderingServiceProvider.php): Failed to open stream: No such file or directory at /var/www/html/vendor/composer/ClassLoader.php:576)
[stacktrace]
#0 /var/www/html/vendor/laravel/framework/src/Illuminate/Foundation/Bootstrap/HandleExceptions.php(256): Illuminate\\Foundation\\Bootstrap\\HandleExceptions->handleError()
#1 /var/www/html/vendor/composer/ClassLoader.php(576): Illuminate\\Foundation\\Bootstrap\\HandleExceptions->Illuminate\\Foundation\\Bootstrap\\{closure}()
#2 /var/www/html/vendor/composer/ClassLoader.php(576): include('...')
#3 /var/www/html/vendor/composer/ClassLoader.php(427): Composer\\Autoload\\{closure}()
#4 /var/www/html/vendor/laravel/framework/src/Illuminate/Foundation/Application.php(935): Composer\\Autoload\\ClassLoader->loadClass()
#5 /var/www/html/vendor/laravel/framework/src/Illuminate/Foundation/Application.php(867): Illuminate\\Foundation\\Application->resolveProvider()
#6 /var/www/html/vendor/laravel/framework/src/Illuminate/Foundation/ProviderRepository.php(75): Illuminate\\Foundation\\Application->register()
#7 /var/www/html/vendor/laravel/framework/src/Illuminate/Foundation/Application.php(845): Illuminate\\Foundation\\ProviderRepository->load()
#8 /var/www/html/vendor/laravel/framework/src/Illuminate/Foundation/Bootstrap/RegisterProviders.php(37): Illuminate\\Foundation\\Application->registerConfiguredProviders()
#9 /var/www/html/vendor/laravel/framework/src/Illuminate/Foundation/Application.php(316): Illuminate\\Foundation\\Bootstrap\\RegisterProviders->bootstrap()
#10 /var/www/html/vendor/laravel/framework/src/Illuminate/Foundation/Console/Kernel.php(473): Illuminate\\Foundation\\Application->bootstrapWith()
#11 /var/www/html/vendor/laravel/framework/src/Illuminate/Foundation/Console/Kernel.php(195): Illuminate\\Foundation\\Console\\Kernel->bootstrap()
#12 /var/www/html/vendor/laravel/framework/src/Illuminate/Foundation/Application.php(1205): Illuminate\\Foundation\\Console\\Kernel->handle()
#13 /var/www/html/artisan(13): Illuminate\\Foundation\\Application->handleCommand()
#14 {main}
"} 
[2024-11-14 12:20:31] local.ERROR: include(/var/www/html/vendor/composer/../revolution/self-ordering/src/Providers/OrderingServiceProvider.php): Failed to open stream: No such file or directory {"exception":"[object] (ErrorException(code: 0): include(/var/www/html/vendor/composer/../revolution/self-ordering/src/Providers/OrderingServiceProvider.php): Failed to open stream: No such file or directory at /var/www/html/vendor/composer/ClassLoader.php:576)
[stacktrace]
#0 /var/www/html/vendor/laravel/framework/src/Illuminate/Foundation/Bootstrap/HandleExceptions.php(256): Illuminate\\Foundation\\Bootstrap\\HandleExceptions->handleError()
#1 /var/www/html/vendor/composer/ClassLoader.php(576): Illuminate\\Foundation\\Bootstrap\\HandleExceptions->Illuminate\\Foundation\\Bootstrap\\{closure}()
#2 /var/www/html/vendor/composer/ClassLoader.php(576): include('...')
#3 /var/www/html/vendor/composer/ClassLoader.php(427): Composer\\Autoload\\{closure}()
#4 /var/www/html/vendor/laravel/framework/src/Illuminate/Foundation/Application.php(935): Composer\\Autoload\\ClassLoader->loadClass()
#5 /var/www/html/vendor/laravel/framework/src/Illuminate/Foundation/Application.php(867): Illuminate\\Foundation\\Application->resolveProvider()
#6 /var/www/html/vendor/laravel/framework/src/Illuminate/Foundation/ProviderRepository.php(75): Illuminate\\Foundation\\Application->register()
#7 /var/www/html/vendor/laravel/framework/src/Illuminate/Foundation/Application.php(845): Illuminate\\Foundation\\ProviderRepository->load()
#8 /var/www/html/vendor/laravel/framework/src/Illuminate/Foundation/Bootstrap/RegisterProviders.php(37): Illuminate\\Foundation\\Application->registerConfiguredProviders()
#9 /var/www/html/vendor/laravel/framework/src/Illuminate/Foundation/Application.php(316): Illuminate\\Foundation\\Bootstrap\\RegisterProviders->bootstrap()
#10 /var/www/html/vendor/laravel/framework/src/Illuminate/Foundation/Console/Kernel.php(473): Illuminate\\Foundation\\Application->bootstrapWith()
#11 /var/www/html/vendor/laravel/framework/src/Illuminate/Foundation/Console/Kernel.php(195): Illuminate\\Foundation\\Console\\Kernel->bootstrap()
#12 /var/www/html/vendor/laravel/framework/src/Illuminate/Foundation/Application.php(1205): Illuminate\\Foundation\\Console\\Kernel->handle()
#13 /var/www/html/artisan(13): Illuminate\\Foundation\\Application->handleCommand()
#14 {main}
"} 
[2024-11-14 12:20:34] local.ERROR: include(/var/www/html/vendor/composer/../revolution/self-ordering/src/Providers/OrderingServiceProvider.php): Failed to open stream: No such file or directory {"exception":"[object] (ErrorException(code: 0): include(/var/www/html/vendor/composer/../revolution/self-ordering/src/Providers/OrderingServiceProvider.php): Failed to open stream: No such file or directory at /var/www/html/vendor/composer/ClassLoader.php:576)
[stacktrace]
#0 /var/www/html/vendor/laravel/framework/src/Illuminate/Foundation/Bootstrap/HandleExceptions.php(256): Illuminate\\Foundation\\Bootstrap\\HandleExceptions->handleError()
#1 /var/www/html/vendor/composer/ClassLoader.php(576): Illuminate\\Foundation\\Bootstrap\\HandleExceptions->Illuminate\\Foundation\\Bootstrap\\{closure}()
#2 /var/www/html/vendor/composer/ClassLoader.php(576): include('...')
#3 /var/www/html/vendor/composer/ClassLoader.php(427): Composer\\Autoload\\{closure}()
#4 /var/www/html/vendor/laravel/framework/src/Illuminate/Foundation/Application.php(935): Composer\\Autoload\\ClassLoader->loadClass()
#5 /var/www/html/vendor/laravel/framework/src/Illuminate/Foundation/Application.php(867): Illuminate\\Foundation\\Application->resolveProvider()
#6 /var/www/html/vendor/laravel/framework/src/Illuminate/Foundation/ProviderRepository.php(75): Illuminate\\Foundation\\Application->register()
#7 /var/www/html/vendor/laravel/framework/src/Illuminate/Foundation/Application.php(845): Illuminate\\Foundation\\ProviderRepository->load()
#8 /var/www/html/vendor/laravel/framework/src/Illuminate/Foundation/Bootstrap/RegisterProviders.php(37): Illuminate\\Foundation\\Application->registerConfiguredProviders()
#9 /var/www/html/vendor/laravel/framework/src/Illuminate/Foundation/Application.php(316): Illuminate\\Foundation\\Bootstrap\\RegisterProviders->bootstrap()
#10 /var/www/html/vendor/laravel/framework/src/Illuminate/Foundation/Console/Kernel.php(473): Illuminate\\Foundation\\Application->bootstrapWith()
#11 /var/www/html/vendor/laravel/framework/src/Illuminate/Foundation/Console/Kernel.php(195): Illuminate\\Foundation\\Console\\Kernel->bootstrap()
#12 /var/www/html/vendor/laravel/framework/src/Illuminate/Foundation/Application.php(1205): Illuminate\\Foundation\\Console\\Kernel->handle()
#13 /var/www/html/artisan(13): Illuminate\\Foundation\\Application->handleCommand()
#14 {main}
"} 
[2024-11-14 12:20:37] local.ERROR: include(/var/www/html/vendor/composer/../revolution/self-ordering/src/Providers/OrderingServiceProvider.php): Failed to open stream: No such file or directory {"exception":"[object] (ErrorException(code: 0): include(/var/www/html/vendor/composer/../revolution/self-ordering/src/Providers/OrderingServiceProvider.php): Failed to open stream: No such file or directory at /var/www/html/vendor/composer/ClassLoader.php:576)
[stacktrace]
#0 /var/www/html/vendor/laravel/framework/src/Illuminate/Foundation/Bootstrap/HandleExceptions.php(256): Illuminate\\Foundation\\Bootstrap\\HandleExceptions->handleError()
#1 /var/www/html/vendor/composer/ClassLoader.php(576): Illuminate\\Foundation\\Bootstrap\\HandleExceptions->Illuminate\\Foundation\\Bootstrap\\{closure}()
#2 /var/www/html/vendor/composer/ClassLoader.php(576): include('...')
#3 /var/www/html/vendor/composer/ClassLoader.php(427): Composer\\Autoload\\{closure}()
#4 /var/www/html/vendor/laravel/framework/src/Illuminate/Foundation/Application.php(935): Composer\\Autoload\\ClassLoader->loadClass()
#5 /var/www/html/vendor/laravel/framework/src/Illuminate/Foundation/Application.php(867): Illuminate\\Foundation\\Application->resolveProvider()
#6 /var/www/html/vendor/laravel/framework/src/Illuminate/Foundation/ProviderRepository.php(75): Illuminate\\Foundation\\Application->register()
#7 /var/www/html/vendor/laravel/framework/src/Illuminate/Foundation/Application.php(845): Illuminate\\Foundation\\ProviderRepository->load()
#8 /var/www/html/vendor/laravel/framework/src/Illuminate/Foundation/Bootstrap/RegisterProviders.php(37): Illuminate\\Foundation\\Application->registerConfiguredProviders()
#9 /var/www/html/vendor/laravel/framework/src/Illuminate/Foundation/Application.php(316): Illuminate\\Foundation\\Bootstrap\\RegisterProviders->bootstrap()
#10 /var/www/html/vendor/laravel/framework/src/Illuminate/Foundation/Console/Kernel.php(473): Illuminate\\Foundation\\Application->bootstrapWith()
#11 /var/www/html/vendor/laravel/framework/src/Illuminate/Foundation/Console/Kernel.php(195): Illuminate\\Foundation\\Console\\Kernel->bootstrap()
#12 /var/www/html/vendor/laravel/framework/src/Illuminate/Foundation/Application.php(1205): Illuminate\\Foundation\\Console\\Kernel->handle()
#13 /var/www/html/artisan(13): Illuminate\\Foundation\\Application->handleCommand()
#14 {main}
"} 
[2024-11-14 12:20:40] local.ERROR: include(/var/www/html/vendor/composer/../revolution/self-ordering/src/Providers/OrderingServiceProvider.php): Failed to open stream: No such file or directory {"exception":"[object] (ErrorException(code: 0): include(/var/www/html/vendor/composer/../revolution/self-ordering/src/Providers/OrderingServiceProvider.php): Failed to open stream: No such file or directory at /var/www/html/vendor/composer/ClassLoader.php:576)
[stacktrace]
#0 /var/www/html/vendor/laravel/framework/src/Illuminate/Foundation/Bootstrap/HandleExceptions.php(256): Illuminate\\Foundation\\Bootstrap\\HandleExceptions->handleError()
#1 /var/www/html/vendor/composer/ClassLoader.php(576): Illuminate\\Foundation\\Bootstrap\\HandleExceptions->Illuminate\\Foundation\\Bootstrap\\{closure}()
#2 /var/www/html/vendor/composer/ClassLoader.php(576): include('...')
#3 /var/www/html/vendor/composer/ClassLoader.php(427): Composer\\Autoload\\{closure}()
#4 /var/www/html/vendor/laravel/framework/src/Illuminate/Foundation/Application.php(935): Composer\\Autoload\\ClassLoader->loadClass()
#5 /var/www/html/vendor/laravel/framework/src/Illuminate/Foundation/Application.php(867): Illuminate\\Foundation\\Application->resolveProvider()
#6 /var/www/html/vendor/laravel/framework/src/Illuminate/Foundation/ProviderRepository.php(75): Illuminate\\Foundation\\Application->register()
#7 /var/www/html/vendor/laravel/framework/src/Illuminate/Foundation/Application.php(845): Illuminate\\Foundation\\ProviderRepository->load()
#8 /var/www/html/vendor/laravel/framework/src/Illuminate/Foundation/Bootstrap/RegisterProviders.php(37): Illuminate\\Foundation\\Application->registerConfiguredProviders()
#9 /var/www/html/vendor/laravel/framework/src/Illuminate/Foundation/Application.php(316): Illuminate\\Foundation\\Bootstrap\\RegisterProviders->bootstrap()
#10 /var/www/html/vendor/laravel/framework/src/Illuminate/Foundation/Console/Kernel.php(473): Illuminate\\Foundation\\Application->bootstrapWith()
#11 /var/www/html/vendor/laravel/framework/src/Illuminate/Foundation/Console/Kernel.php(195): Illuminate\\Foundation\\Console\\Kernel->bootstrap()
#12 /var/www/html/vendor/laravel/framework/src/Illuminate/Foundation/Application.php(1205): Illuminate\\Foundation\\Console\\Kernel->handle()
#13 /var/www/html/artisan(13): Illuminate\\Foundation\\Application->handleCommand()
#14 {main}
"} 
[2024-11-14 12:20:42] local.ERROR: include(/var/www/html/vendor/composer/../revolution/self-ordering/src/Providers/OrderingServiceProvider.php): Failed to open stream: No such file or directory {"exception":"[object] (ErrorException(code: 0): include(/var/www/html/vendor/composer/../revolution/self-ordering/src/Providers/OrderingServiceProvider.php): Failed to open stream: No such file or directory at /var/www/html/vendor/composer/ClassLoader.php:576)
[stacktrace]
#0 /var/www/html/vendor/laravel/framework/src/Illuminate/Foundation/Bootstrap/HandleExceptions.php(256): Illuminate\\Foundation\\Bootstrap\\HandleExceptions->handleError()
#1 /var/www/html/vendor/composer/ClassLoader.php(576): Illuminate\\Foundation\\Bootstrap\\HandleExceptions->Illuminate\\Foundation\\Bootstrap\\{closure}()
#2 /var/www/html/vendor/composer/ClassLoader.php(576): include('...')
#3 /var/www/html/vendor/composer/ClassLoader.php(427): Composer\\Autoload\\{closure}()
#4 /var/www/html/vendor/laravel/framework/src/Illuminate/Foundation/Application.php(935): Composer\\Autoload\\ClassLoader->loadClass()
#5 /var/www/html/vendor/laravel/framework/src/Illuminate/Foundation/Application.php(867): Illuminate\\Foundation\\Application->resolveProvider()
#6 /var/www/html/vendor/laravel/framework/src/Illuminate/Foundation/ProviderRepository.php(75): Illuminate\\Foundation\\Application->register()
#7 /var/www/html/vendor/laravel/framework/src/Illuminate/Foundation/Application.php(845): Illuminate\\Foundation\\ProviderRepository->load()
#8 /var/www/html/vendor/laravel/framework/src/Illuminate/Foundation/Bootstrap/RegisterProviders.php(37): Illuminate\\Foundation\\Application->registerConfiguredProviders()
#9 /var/www/html/vendor/laravel/framework/src/Illuminate/Foundation/Application.php(316): Illuminate\\Foundation\\Bootstrap\\RegisterProviders->bootstrap()
#10 /var/www/html/vendor/laravel/framework/src/Illuminate/Foundation/Console/Kernel.php(473): Illuminate\\Foundation\\Application->bootstrapWith()
#11 /var/www/html/vendor/laravel/framework/src/Illuminate/Foundation/Console/Kernel.php(195): Illuminate\\Foundation\\Console\\Kernel->bootstrap()
#12 /var/www/html/vendor/laravel/framework/src/Illuminate/Foundation/Application.php(1205): Illuminate\\Foundation\\Console\\Kernel->handle()
#13 /var/www/html/artisan(13): Illuminate\\Foundation\\Application->handleCommand()
#14 {main}
"} 
[2024-11-14 12:20:45] local.ERROR: include(/var/www/html/vendor/composer/../revolution/self-ordering/src/Providers/OrderingServiceProvider.php): Failed to open stream: No such file or directory {"exception":"[object] (ErrorException(code: 0): include(/var/www/html/vendor/composer/../revolution/self-ordering/src/Providers/OrderingServiceProvider.php): Failed to open stream: No such file or directory at /var/www/html/vendor/composer/ClassLoader.php:576)
[stacktrace]
#0 /var/www/html/vendor/laravel/framework/src/Illuminate/Foundation/Bootstrap/HandleExceptions.php(256): Illuminate\\Foundation\\Bootstrap\\HandleExceptions->handleError()
#1 /var/www/html/vendor/composer/ClassLoader.php(576): Illuminate\\Foundation\\Bootstrap\\HandleExceptions->Illuminate\\Foundation\\Bootstrap\\{closure}()
#2 /var/www/html/vendor/composer/ClassLoader.php(576): include('...')
#3 /var/www/html/vendor/composer/ClassLoader.php(427): Composer\\Autoload\\{closure}()
#4 /var/www/html/vendor/laravel/framework/src/Illuminate/Foundation/Application.php(935): Composer\\Autoload\\ClassLoader->loadClass()
#5 /var/www/html/vendor/laravel/framework/src/Illuminate/Foundation/Application.php(867): Illuminate\\Foundation\\Application->resolveProvider()
#6 /var/www/html/vendor/laravel/framework/src/Illuminate/Foundation/ProviderRepository.php(75): Illuminate\\Foundation\\Application->register()
#7 /var/www/html/vendor/laravel/framework/src/Illuminate/Foundation/Application.php(845): Illuminate\\Foundation\\ProviderRepository->load()
#8 /var/www/html/vendor/laravel/framework/src/Illuminate/Foundation/Bootstrap/RegisterProviders.php(37): Illuminate\\Foundation\\Application->registerConfiguredProviders()
#9 /var/www/html/vendor/laravel/framework/src/Illuminate/Foundation/Application.php(316): Illuminate\\Foundation\\Bootstrap\\RegisterProviders->bootstrap()
#10 /var/www/html/vendor/laravel/framework/src/Illuminate/Foundation/Console/Kernel.php(473): Illuminate\\Foundation\\Application->bootstrapWith()
#11 /var/www/html/vendor/laravel/framework/src/Illuminate/Foundation/Console/Kernel.php(195): Illuminate\\Foundation\\Console\\Kernel->bootstrap()
#12 /var/www/html/vendor/laravel/framework/src/Illuminate/Foundation/Application.php(1205): Illuminate\\Foundation\\Console\\Kernel->handle()
#13 /var/www/html/artisan(13): Illuminate\\Foundation\\Application->handleCommand()
#14 {main}
"} 
[2024-11-14 12:20:48] local.ERROR: include(/var/www/html/vendor/composer/../revolution/self-ordering/src/Providers/OrderingServiceProvider.php): Failed to open stream: No such file or directory {"exception":"[object] (ErrorException(code: 0): include(/var/www/html/vendor/composer/../revolution/self-ordering/src/Providers/OrderingServiceProvider.php): Failed to open stream: No such file or directory at /var/www/html/vendor/composer/ClassLoader.php:576)
[stacktrace]
#0 /var/www/html/vendor/laravel/framework/src/Illuminate/Foundation/Bootstrap/HandleExceptions.php(256): Illuminate\\Foundation\\Bootstrap\\HandleExceptions->handleError()
#1 /var/www/html/vendor/composer/ClassLoader.php(576): Illuminate\\Foundation\\Bootstrap\\HandleExceptions->Illuminate\\Foundation\\Bootstrap\\{closure}()
#2 /var/www/html/vendor/composer/ClassLoader.php(576): include('...')
#3 /var/www/html/vendor/composer/ClassLoader.php(427): Composer\\Autoload\\{closure}()
#4 /var/www/html/vendor/laravel/framework/src/Illuminate/Foundation/Application.php(935): Composer\\Autoload\\ClassLoader->loadClass()
#5 /var/www/html/vendor/laravel/framework/src/Illuminate/Foundation/Application.php(867): Illuminate\\Foundation\\Application->resolveProvider()
#6 /var/www/html/vendor/laravel/framework/src/Illuminate/Foundation/ProviderRepository.php(75): Illuminate\\Foundation\\Application->register()
#7 /var/www/html/vendor/laravel/framework/src/Illuminate/Foundation/Application.php(845): Illuminate\\Foundation\\ProviderRepository->load()
#8 /var/www/html/vendor/laravel/framework/src/Illuminate/Foundation/Bootstrap/RegisterProviders.php(37): Illuminate\\Foundation\\Application->registerConfiguredProviders()
#9 /var/www/html/vendor/laravel/framework/src/Illuminate/Foundation/Application.php(316): Illuminate\\Foundation\\Bootstrap\\RegisterProviders->bootstrap()
#10 /var/www/html/vendor/laravel/framework/src/Illuminate/Foundation/Console/Kernel.php(473): Illuminate\\Foundation\\Application->bootstrapWith()
#11 /var/www/html/vendor/laravel/framework/src/Illuminate/Foundation/Console/Kernel.php(195): Illuminate\\Foundation\\Console\\Kernel->bootstrap()
#12 /var/www/html/vendor/laravel/framework/src/Illuminate/Foundation/Application.php(1205): Illuminate\\Foundation\\Console\\Kernel->handle()
#13 /var/www/html/artisan(13): Illuminate\\Foundation\\Application->handleCommand()
#14 {main}
"} 
[2024-11-14 12:20:51] local.ERROR: include(/var/www/html/vendor/composer/../revolution/self-ordering/src/Providers/OrderingServiceProvider.php): Failed to open stream: No such file or directory {"exception":"[object] (ErrorException(code: 0): include(/var/www/html/vendor/composer/../revolution/self-ordering/src/Providers/OrderingServiceProvider.php): Failed to open stream: No such file or directory at /var/www/html/vendor/composer/ClassLoader.php:576)
[stacktrace]
#0 /var/www/html/vendor/laravel/framework/src/Illuminate/Foundation/Bootstrap/HandleExceptions.php(256): Illuminate\\Foundation\\Bootstrap\\HandleExceptions->handleError()
#1 /var/www/html/vendor/composer/ClassLoader.php(576): Illuminate\\Foundation\\Bootstrap\\HandleExceptions->Illuminate\\Foundation\\Bootstrap\\{closure}()
#2 /var/www/html/vendor/composer/ClassLoader.php(576): include('...')
#3 /var/www/html/vendor/composer/ClassLoader.php(427): Composer\\Autoload\\{closure}()
#4 /var/www/html/vendor/laravel/framework/src/Illuminate/Foundation/Application.php(935): Composer\\Autoload\\ClassLoader->loadClass()
#5 /var/www/html/vendor/laravel/framework/src/Illuminate/Foundation/Application.php(867): Illuminate\\Foundation\\Application->resolveProvider()
#6 /var/www/html/vendor/laravel/framework/src/Illuminate/Foundation/ProviderRepository.php(75): Illuminate\\Foundation\\Application->register()
#7 /var/www/html/vendor/laravel/framework/src/Illuminate/Foundation/Application.php(845): Illuminate\\Foundation\\ProviderRepository->load()
#8 /var/www/html/vendor/laravel/framework/src/Illuminate/Foundation/Bootstrap/RegisterProviders.php(37): Illuminate\\Foundation\\Application->registerConfiguredProviders()
#9 /var/www/html/vendor/laravel/framework/src/Illuminate/Foundation/Application.php(316): Illuminate\\Foundation\\Bootstrap\\RegisterProviders->bootstrap()
#10 /var/www/html/vendor/laravel/framework/src/Illuminate/Foundation/Console/Kernel.php(473): Illuminate\\Foundation\\Application->bootstrapWith()
#11 /var/www/html/vendor/laravel/framework/src/Illuminate/Foundation/Console/Kernel.php(195): Illuminate\\Foundation\\Console\\Kernel->bootstrap()
#12 /var/www/html/vendor/laravel/framework/src/Illuminate/Foundation/Application.php(1205): Illuminate\\Foundation\\Console\\Kernel->handle()
#13 /var/www/html/artisan(13): Illuminate\\Foundation\\Application->handleCommand()
#14 {main}
"} 
[2024-11-14 12:20:55] local.ERROR: include(/var/www/html/vendor/composer/../revolution/self-ordering/src/Providers/OrderingServiceProvider.php): Failed to open stream: No such file or directory {"exception":"[object] (ErrorException(code: 0): include(/var/www/html/vendor/composer/../revolution/self-ordering/src/Providers/OrderingServiceProvider.php): Failed to open stream: No such file or directory at /var/www/html/vendor/composer/ClassLoader.php:576)
[stacktrace]
#0 /var/www/html/vendor/laravel/framework/src/Illuminate/Foundation/Bootstrap/HandleExceptions.php(256): Illuminate\\Foundation\\Bootstrap\\HandleExceptions->handleError()
#1 /var/www/html/vendor/composer/ClassLoader.php(576): Illuminate\\Foundation\\Bootstrap\\HandleExceptions->Illuminate\\Foundation\\Bootstrap\\{closure}()
#2 /var/www/html/vendor/composer/ClassLoader.php(576): include('...')
#3 /var/www/html/vendor/composer/ClassLoader.php(427): Composer\\Autoload\\{closure}()
#4 /var/www/html/vendor/laravel/framework/src/Illuminate/Foundation/Application.php(935): Composer\\Autoload\\ClassLoader->loadClass()
#5 /var/www/html/vendor/laravel/framework/src/Illuminate/Foundation/Application.php(867): Illuminate\\Foundation\\Application->resolveProvider()
#6 /var/www/html/vendor/laravel/framework/src/Illuminate/Foundation/ProviderRepository.php(75): Illuminate\\Foundation\\Application->register()
#7 /var/www/html/vendor/laravel/framework/src/Illuminate/Foundation/Application.php(845): Illuminate\\Foundation\\ProviderRepository->load()
#8 /var/www/html/vendor/laravel/framework/src/Illuminate/Foundation/Bootstrap/RegisterProviders.php(37): Illuminate\\Foundation\\Application->registerConfiguredProviders()
#9 /var/www/html/vendor/laravel/framework/src/Illuminate/Foundation/Application.php(316): Illuminate\\Foundation\\Bootstrap\\RegisterProviders->bootstrap()
#10 /var/www/html/vendor/laravel/framework/src/Illuminate/Foundation/Console/Kernel.php(473): Illuminate\\Foundation\\Application->bootstrapWith()
#11 /var/www/html/vendor/laravel/framework/src/Illuminate/Foundation/Console/Kernel.php(195): Illuminate\\Foundation\\Console\\Kernel->bootstrap()
#12 /var/www/html/vendor/laravel/framework/src/Illuminate/Foundation/Application.php(1205): Illuminate\\Foundation\\Console\\Kernel->handle()
#13 /var/www/html/artisan(13): Illuminate\\Foundation\\Application->handleCommand()
#14 {main}
"} 
[2024-11-14 12:20:57] local.ERROR: include(/var/www/html/vendor/composer/../revolution/self-ordering/src/Providers/OrderingServiceProvider.php): Failed to open stream: No such file or directory {"exception":"[object] (ErrorException(code: 0): include(/var/www/html/vendor/composer/../revolution/self-ordering/src/Providers/OrderingServiceProvider.php): Failed to open stream: No such file or directory at /var/www/html/vendor/composer/ClassLoader.php:576)
[stacktrace]
#0 /var/www/html/vendor/laravel/framework/src/Illuminate/Foundation/Bootstrap/HandleExceptions.php(256): Illuminate\\Foundation\\Bootstrap\\HandleExceptions->handleError()
#1 /var/www/html/vendor/composer/ClassLoader.php(576): Illuminate\\Foundation\\Bootstrap\\HandleExceptions->Illuminate\\Foundation\\Bootstrap\\{closure}()
#2 /var/www/html/vendor/composer/ClassLoader.php(576): include('...')
#3 /var/www/html/vendor/composer/ClassLoader.php(427): Composer\\Autoload\\{closure}()
#4 /var/www/html/vendor/laravel/framework/src/Illuminate/Foundation/Application.php(935): Composer\\Autoload\\ClassLoader->loadClass()
#5 /var/www/html/vendor/laravel/framework/src/Illuminate/Foundation/Application.php(867): Illuminate\\Foundation\\Application->resolveProvider()
#6 /var/www/html/vendor/laravel/framework/src/Illuminate/Foundation/ProviderRepository.php(75): Illuminate\\Foundation\\Application->register()
#7 /var/www/html/vendor/laravel/framework/src/Illuminate/Foundation/Application.php(845): Illuminate\\Foundation\\ProviderRepository->load()
#8 /var/www/html/vendor/laravel/framework/src/Illuminate/Foundation/Bootstrap/RegisterProviders.php(37): Illuminate\\Foundation\\Application->registerConfiguredProviders()
#9 /var/www/html/vendor/laravel/framework/src/Illuminate/Foundation/Application.php(316): Illuminate\\Foundation\\Bootstrap\\RegisterProviders->bootstrap()
#10 /var/www/html/vendor/laravel/framework/src/Illuminate/Foundation/Console/Kernel.php(473): Illuminate\\Foundation\\Application->bootstrapWith()
#11 /var/www/html/vendor/laravel/framework/src/Illuminate/Foundation/Console/Kernel.php(195): Illuminate\\Foundation\\Console\\Kernel->bootstrap()
#12 /var/www/html/vendor/laravel/framework/src/Illuminate/Foundation/Application.php(1205): Illuminate\\Foundation\\Console\\Kernel->handle()
#13 /var/www/html/artisan(13): Illuminate\\Foundation\\Application->handleCommand()
#14 {main}
"} 
[2024-11-14 12:21:00] local.ERROR: include(/var/www/html/vendor/composer/../revolution/self-ordering/src/Providers/OrderingServiceProvider.php): Failed to open stream: No such file or directory {"exception":"[object] (ErrorException(code: 0): include(/var/www/html/vendor/composer/../revolution/self-ordering/src/Providers/OrderingServiceProvider.php): Failed to open stream: No such file or directory at /var/www/html/vendor/composer/ClassLoader.php:576)
[stacktrace]
#0 /var/www/html/vendor/laravel/framework/src/Illuminate/Foundation/Bootstrap/HandleExceptions.php(256): Illuminate\\Foundation\\Bootstrap\\HandleExceptions->handleError()
#1 /var/www/html/vendor/composer/ClassLoader.php(576): Illuminate\\Foundation\\Bootstrap\\HandleExceptions->Illuminate\\Foundation\\Bootstrap\\{closure}()
#2 /var/www/html/vendor/composer/ClassLoader.php(576): include('...')
#3 /var/www/html/vendor/composer/ClassLoader.php(427): Composer\\Autoload\\{closure}()
#4 /var/www/html/vendor/laravel/framework/src/Illuminate/Foundation/Application.php(935): Composer\\Autoload\\ClassLoader->loadClass()
#5 /var/www/html/vendor/laravel/framework/src/Illuminate/Foundation/Application.php(867): Illuminate\\Foundation\\Application->resolveProvider()
#6 /var/www/html/vendor/laravel/framework/src/Illuminate/Foundation/ProviderRepository.php(75): Illuminate\\Foundation\\Application->register()
#7 /var/www/html/vendor/laravel/framework/src/Illuminate/Foundation/Application.php(845): Illuminate\\Foundation\\ProviderRepository->load()
#8 /var/www/html/vendor/laravel/framework/src/Illuminate/Foundation/Bootstrap/RegisterProviders.php(37): Illuminate\\Foundation\\Application->registerConfiguredProviders()
#9 /var/www/html/vendor/laravel/framework/src/Illuminate/Foundation/Application.php(316): Illuminate\\Foundation\\Bootstrap\\RegisterProviders->bootstrap()
#10 /var/www/html/vendor/laravel/framework/src/Illuminate/Foundation/Console/Kernel.php(473): Illuminate\\Foundation\\Application->bootstrapWith()
#11 /var/www/html/vendor/laravel/framework/src/Illuminate/Foundation/Console/Kernel.php(195): Illuminate\\Foundation\\Console\\Kernel->bootstrap()
#12 /var/www/html/vendor/laravel/framework/src/Illuminate/Foundation/Application.php(1205): Illuminate\\Foundation\\Console\\Kernel->handle()
#13 /var/www/html/artisan(13): Illuminate\\Foundation\\Application->handleCommand()
#14 {main}
"} 
[2024-11-14 12:21:00] local.ERROR: include(/var/www/html/vendor/composer/../revolution/self-ordering/src/Providers/OrderingServiceProvider.php): Failed to open stream: No such file or directory {"exception":"[object] (ErrorException(code: 0): include(/var/www/html/vendor/composer/../revolution/self-ordering/src/Providers/OrderingServiceProvider.php): Failed to open stream: No such file or directory at /var/www/html/vendor/composer/ClassLoader.php:576)
[stacktrace]
#0 /var/www/html/vendor/laravel/framework/src/Illuminate/Foundation/Bootstrap/HandleExceptions.php(256): Illuminate\\Foundation\\Bootstrap\\HandleExceptions->handleError()
#1 /var/www/html/vendor/composer/ClassLoader.php(576): Illuminate\\Foundation\\Bootstrap\\HandleExceptions->Illuminate\\Foundation\\Bootstrap\\{closure}()
#2 /var/www/html/vendor/composer/ClassLoader.php(576): include('...')
#3 /var/www/html/vendor/composer/ClassLoader.php(427): Composer\\Autoload\\{closure}()
#4 /var/www/html/vendor/laravel/framework/src/Illuminate/Foundation/Application.php(935): Composer\\Autoload\\ClassLoader->loadClass()
#5 /var/www/html/vendor/laravel/framework/src/Illuminate/Foundation/Application.php(867): Illuminate\\Foundation\\Application->resolveProvider()
#6 /var/www/html/vendor/laravel/framework/src/Illuminate/Foundation/ProviderRepository.php(75): Illuminate\\Foundation\\Application->register()
#7 /var/www/html/vendor/laravel/framework/src/Illuminate/Foundation/Application.php(845): Illuminate\\Foundation\\ProviderRepository->load()
#8 /var/www/html/vendor/laravel/framework/src/Illuminate/Foundation/Bootstrap/RegisterProviders.php(37): Illuminate\\Foundation\\Application->registerConfiguredProviders()
#9 /var/www/html/vendor/laravel/framework/src/Illuminate/Foundation/Application.php(316): Illuminate\\Foundation\\Bootstrap\\RegisterProviders->bootstrap()
#10 /var/www/html/vendor/laravel/framework/src/Illuminate/Foundation/Console/Kernel.php(473): Illuminate\\Foundation\\Application->bootstrapWith()
#11 /var/www/html/vendor/laravel/framework/src/Illuminate/Foundation/Console/Kernel.php(195): Illuminate\\Foundation\\Console\\Kernel->bootstrap()
#12 /var/www/html/vendor/laravel/framework/src/Illuminate/Foundation/Application.php(1205): Illuminate\\Foundation\\Console\\Kernel->handle()
#13 /var/www/html/artisan(13): Illuminate\\Foundation\\Application->handleCommand()
#14 {main}
"} 
[2024-11-14 12:21:03] local.ERROR: include(/var/www/html/vendor/composer/../revolution/self-ordering/src/Providers/OrderingServiceProvider.php): Failed to open stream: No such file or directory {"exception":"[object] (ErrorException(code: 0): include(/var/www/html/vendor/composer/../revolution/self-ordering/src/Providers/OrderingServiceProvider.php): Failed to open stream: No such file or directory at /var/www/html/vendor/composer/ClassLoader.php:576)
[stacktrace]
#0 /var/www/html/vendor/laravel/framework/src/Illuminate/Foundation/Bootstrap/HandleExceptions.php(256): Illuminate\\Foundation\\Bootstrap\\HandleExceptions->handleError()
#1 /var/www/html/vendor/composer/ClassLoader.php(576): Illuminate\\Foundation\\Bootstrap\\HandleExceptions->Illuminate\\Foundation\\Bootstrap\\{closure}()
#2 /var/www/html/vendor/composer/ClassLoader.php(576): include('...')
#3 /var/www/html/vendor/composer/ClassLoader.php(427): Composer\\Autoload\\{closure}()
#4 /var/www/html/vendor/laravel/framework/src/Illuminate/Foundation/Application.php(935): Composer\\Autoload\\ClassLoader->loadClass()
#5 /var/www/html/vendor/laravel/framework/src/Illuminate/Foundation/Application.php(867): Illuminate\\Foundation\\Application->resolveProvider()
#6 /var/www/html/vendor/laravel/framework/src/Illuminate/Foundation/ProviderRepository.php(75): Illuminate\\Foundation\\Application->register()
#7 /var/www/html/vendor/laravel/framework/src/Illuminate/Foundation/Application.php(845): Illuminate\\Foundation\\ProviderRepository->load()
#8 /var/www/html/vendor/laravel/framework/src/Illuminate/Foundation/Bootstrap/RegisterProviders.php(37): Illuminate\\Foundation\\Application->registerConfiguredProviders()
#9 /var/www/html/vendor/laravel/framework/src/Illuminate/Foundation/Application.php(316): Illuminate\\Foundation\\Bootstrap\\RegisterProviders->bootstrap()
#10 /var/www/html/vendor/laravel/framework/src/Illuminate/Foundation/Console/Kernel.php(473): Illuminate\\Foundation\\Application->bootstrapWith()
#11 /var/www/html/vendor/laravel/framework/src/Illuminate/Foundation/Console/Kernel.php(195): Illuminate\\Foundation\\Console\\Kernel->bootstrap()
#12 /var/www/html/vendor/laravel/framework/src/Illuminate/Foundation/Application.php(1205): Illuminate\\Foundation\\Console\\Kernel->handle()
#13 /var/www/html/artisan(13): Illuminate\\Foundation\\Application->handleCommand()
#14 {main}
"} 
[2024-11-14 12:21:06] local.ERROR: include(/var/www/html/vendor/composer/../revolution/self-ordering/src/Providers/OrderingServiceProvider.php): Failed to open stream: No such file or directory {"exception":"[object] (ErrorException(code: 0): include(/var/www/html/vendor/composer/../revolution/self-ordering/src/Providers/OrderingServiceProvider.php): Failed to open stream: No such file or directory at /var/www/html/vendor/composer/ClassLoader.php:576)
[stacktrace]
#0 /var/www/html/vendor/laravel/framework/src/Illuminate/Foundation/Bootstrap/HandleExceptions.php(256): Illuminate\\Foundation\\Bootstrap\\HandleExceptions->handleError()
#1 /var/www/html/vendor/composer/ClassLoader.php(576): Illuminate\\Foundation\\Bootstrap\\HandleExceptions->Illuminate\\Foundation\\Bootstrap\\{closure}()
#2 /var/www/html/vendor/composer/ClassLoader.php(576): include('...')
#3 /var/www/html/vendor/composer/ClassLoader.php(427): Composer\\Autoload\\{closure}()
#4 /var/www/html/vendor/laravel/framework/src/Illuminate/Foundation/Application.php(935): Composer\\Autoload\\ClassLoader->loadClass()
#5 /var/www/html/vendor/laravel/framework/src/Illuminate/Foundation/Application.php(867): Illuminate\\Foundation\\Application->resolveProvider()
#6 /var/www/html/vendor/laravel/framework/src/Illuminate/Foundation/ProviderRepository.php(75): Illuminate\\Foundation\\Application->register()
#7 /var/www/html/vendor/laravel/framework/src/Illuminate/Foundation/Application.php(845): Illuminate\\Foundation\\ProviderRepository->load()
#8 /var/www/html/vendor/laravel/framework/src/Illuminate/Foundation/Bootstrap/RegisterProviders.php(37): Illuminate\\Foundation\\Application->registerConfiguredProviders()
#9 /var/www/html/vendor/laravel/framework/src/Illuminate/Foundation/Application.php(316): Illuminate\\Foundation\\Bootstrap\\RegisterProviders->bootstrap()
#10 /var/www/html/vendor/laravel/framework/src/Illuminate/Foundation/Console/Kernel.php(473): Illuminate\\Foundation\\Application->bootstrapWith()
#11 /var/www/html/vendor/laravel/framework/src/Illuminate/Foundation/Console/Kernel.php(195): Illuminate\\Foundation\\Console\\Kernel->bootstrap()
#12 /var/www/html/vendor/laravel/framework/src/Illuminate/Foundation/Application.php(1205): Illuminate\\Foundation\\Console\\Kernel->handle()
#13 /var/www/html/artisan(13): Illuminate\\Foundation\\Application->handleCommand()
#14 {main}
"} 
[2024-11-14 12:21:09] local.ERROR: include(/var/www/html/vendor/composer/../revolution/self-ordering/src/Providers/OrderingServiceProvider.php): Failed to open stream: No such file or directory {"exception":"[object] (ErrorException(code: 0): include(/var/www/html/vendor/composer/../revolution/self-ordering/src/Providers/OrderingServiceProvider.php): Failed to open stream: No such file or directory at /var/www/html/vendor/composer/ClassLoader.php:576)
[stacktrace]
#0 /var/www/html/vendor/laravel/framework/src/Illuminate/Foundation/Bootstrap/HandleExceptions.php(256): Illuminate\\Foundation\\Bootstrap\\HandleExceptions->handleError()
#1 /var/www/html/vendor/composer/ClassLoader.php(576): Illuminate\\Foundation\\Bootstrap\\HandleExceptions->Illuminate\\Foundation\\Bootstrap\\{closure}()
#2 /var/www/html/vendor/composer/ClassLoader.php(576): include('...')
#3 /var/www/html/vendor/composer/ClassLoader.php(427): Composer\\Autoload\\{closure}()
#4 /var/www/html/vendor/laravel/framework/src/Illuminate/Foundation/Application.php(935): Composer\\Autoload\\ClassLoader->loadClass()
#5 /var/www/html/vendor/laravel/framework/src/Illuminate/Foundation/Application.php(867): Illuminate\\Foundation\\Application->resolveProvider()
#6 /var/www/html/vendor/laravel/framework/src/Illuminate/Foundation/ProviderRepository.php(75): Illuminate\\Foundation\\Application->register()
#7 /var/www/html/vendor/laravel/framework/src/Illuminate/Foundation/Application.php(845): Illuminate\\Foundation\\ProviderRepository->load()
#8 /var/www/html/vendor/laravel/framework/src/Illuminate/Foundation/Bootstrap/RegisterProviders.php(37): Illuminate\\Foundation\\Application->registerConfiguredProviders()
#9 /var/www/html/vendor/laravel/framework/src/Illuminate/Foundation/Application.php(316): Illuminate\\Foundation\\Bootstrap\\RegisterProviders->bootstrap()
#10 /var/www/html/vendor/laravel/framework/src/Illuminate/Foundation/Console/Kernel.php(473): Illuminate\\Foundation\\Application->bootstrapWith()
#11 /var/www/html/vendor/laravel/framework/src/Illuminate/Foundation/Console/Kernel.php(195): Illuminate\\Foundation\\Console\\Kernel->bootstrap()
#12 /var/www/html/vendor/laravel/framework/src/Illuminate/Foundation/Application.php(1205): Illuminate\\Foundation\\Console\\Kernel->handle()
#13 /var/www/html/artisan(13): Illuminate\\Foundation\\Application->handleCommand()
#14 {main}
"} 
[2024-11-14 12:21:11] local.ERROR: include(/var/www/html/vendor/composer/../revolution/self-ordering/src/Providers/OrderingServiceProvider.php): Failed to open stream: No such file or directory {"exception":"[object] (ErrorException(code: 0): include(/var/www/html/vendor/composer/../revolution/self-ordering/src/Providers/OrderingServiceProvider.php): Failed to open stream: No such file or directory at /var/www/html/vendor/composer/ClassLoader.php:576)
[stacktrace]
#0 /var/www/html/vendor/laravel/framework/src/Illuminate/Foundation/Bootstrap/HandleExceptions.php(256): Illuminate\\Foundation\\Bootstrap\\HandleExceptions->handleError()
#1 /var/www/html/vendor/composer/ClassLoader.php(576): Illuminate\\Foundation\\Bootstrap\\HandleExceptions->Illuminate\\Foundation\\Bootstrap\\{closure}()
#2 /var/www/html/vendor/composer/ClassLoader.php(576): include('...')
#3 /var/www/html/vendor/composer/ClassLoader.php(427): Composer\\Autoload\\{closure}()
#4 /var/www/html/vendor/laravel/framework/src/Illuminate/Foundation/Application.php(935): Composer\\Autoload\\ClassLoader->loadClass()
#5 /var/www/html/vendor/laravel/framework/src/Illuminate/Foundation/Application.php(867): Illuminate\\Foundation\\Application->resolveProvider()
#6 /var/www/html/vendor/laravel/framework/src/Illuminate/Foundation/ProviderRepository.php(75): Illuminate\\Foundation\\Application->register()
#7 /var/www/html/vendor/laravel/framework/src/Illuminate/Foundation/Application.php(845): Illuminate\\Foundation\\ProviderRepository->load()
#8 /var/www/html/vendor/laravel/framework/src/Illuminate/Foundation/Bootstrap/RegisterProviders.php(37): Illuminate\\Foundation\\Application->registerConfiguredProviders()
#9 /var/www/html/vendor/laravel/framework/src/Illuminate/Foundation/Application.php(316): Illuminate\\Foundation\\Bootstrap\\RegisterProviders->bootstrap()
#10 /var/www/html/vendor/laravel/framework/src/Illuminate/Foundation/Console/Kernel.php(473): Illuminate\\Foundation\\Application->bootstrapWith()
#11 /var/www/html/vendor/laravel/framework/src/Illuminate/Foundation/Console/Kernel.php(195): Illuminate\\Foundation\\Console\\Kernel->bootstrap()
#12 /var/www/html/vendor/laravel/framework/src/Illuminate/Foundation/Application.php(1205): Illuminate\\Foundation\\Console\\Kernel->handle()
#13 /var/www/html/artisan(13): Illuminate\\Foundation\\Application->handleCommand()
#14 {main}
"} 
[2024-11-14 12:21:14] local.ERROR: include(/var/www/html/vendor/composer/../revolution/self-ordering/src/Providers/OrderingServiceProvider.php): Failed to open stream: No such file or directory {"exception":"[object] (ErrorException(code: 0): include(/var/www/html/vendor/composer/../revolution/self-ordering/src/Providers/OrderingServiceProvider.php): Failed to open stream: No such file or directory at /var/www/html/vendor/composer/ClassLoader.php:576)
[stacktrace]
#0 /var/www/html/vendor/laravel/framework/src/Illuminate/Foundation/Bootstrap/HandleExceptions.php(256): Illuminate\\Foundation\\Bootstrap\\HandleExceptions->handleError()
#1 /var/www/html/vendor/composer/ClassLoader.php(576): Illuminate\\Foundation\\Bootstrap\\HandleExceptions->Illuminate\\Foundation\\Bootstrap\\{closure}()
#2 /var/www/html/vendor/composer/ClassLoader.php(576): include('...')
#3 /var/www/html/vendor/composer/ClassLoader.php(427): Composer\\Autoload\\{closure}()
#4 /var/www/html/vendor/laravel/framework/src/Illuminate/Foundation/Application.php(935): Composer\\Autoload\\ClassLoader->loadClass()
#5 /var/www/html/vendor/laravel/framework/src/Illuminate/Foundation/Application.php(867): Illuminate\\Foundation\\Application->resolveProvider()
#6 /var/www/html/vendor/laravel/framework/src/Illuminate/Foundation/ProviderRepository.php(75): Illuminate\\Foundation\\Application->register()
#7 /var/www/html/vendor/laravel/framework/src/Illuminate/Foundation/Application.php(845): Illuminate\\Foundation\\ProviderRepository->load()
#8 /var/www/html/vendor/laravel/framework/src/Illuminate/Foundation/Bootstrap/RegisterProviders.php(37): Illuminate\\Foundation\\Application->registerConfiguredProviders()
#9 /var/www/html/vendor/laravel/framework/src/Illuminate/Foundation/Application.php(316): Illuminate\\Foundation\\Bootstrap\\RegisterProviders->bootstrap()
#10 /var/www/html/vendor/laravel/framework/src/Illuminate/Foundation/Console/Kernel.php(473): Illuminate\\Foundation\\Application->bootstrapWith()
#11 /var/www/html/vendor/laravel/framework/src/Illuminate/Foundation/Console/Kernel.php(195): Illuminate\\Foundation\\Console\\Kernel->bootstrap()
#12 /var/www/html/vendor/laravel/framework/src/Illuminate/Foundation/Application.php(1205): Illuminate\\Foundation\\Console\\Kernel->handle()
#13 /var/www/html/artisan(13): Illuminate\\Foundation\\Application->handleCommand()
#14 {main}
"} 
[2024-11-14 12:21:17] local.ERROR: include(/var/www/html/vendor/composer/../revolution/self-ordering/src/Providers/OrderingServiceProvider.php): Failed to open stream: No such file or directory {"exception":"[object] (ErrorException(code: 0): include(/var/www/html/vendor/composer/../revolution/self-ordering/src/Providers/OrderingServiceProvider.php): Failed to open stream: No such file or directory at /var/www/html/vendor/composer/ClassLoader.php:576)
[stacktrace]
#0 /var/www/html/vendor/laravel/framework/src/Illuminate/Foundation/Bootstrap/HandleExceptions.php(256): Illuminate\\Foundation\\Bootstrap\\HandleExceptions->handleError()
#1 /var/www/html/vendor/composer/ClassLoader.php(576): Illuminate\\Foundation\\Bootstrap\\HandleExceptions->Illuminate\\Foundation\\Bootstrap\\{closure}()
#2 /var/www/html/vendor/composer/ClassLoader.php(576): include('...')
#3 /var/www/html/vendor/composer/ClassLoader.php(427): Composer\\Autoload\\{closure}()
#4 /var/www/html/vendor/laravel/framework/src/Illuminate/Foundation/Application.php(935): Composer\\Autoload\\ClassLoader->loadClass()
#5 /var/www/html/vendor/laravel/framework/src/Illuminate/Foundation/Application.php(867): Illuminate\\Foundation\\Application->resolveProvider()
#6 /var/www/html/vendor/laravel/framework/src/Illuminate/Foundation/ProviderRepository.php(75): Illuminate\\Foundation\\Application->register()
#7 /var/www/html/vendor/laravel/framework/src/Illuminate/Foundation/Application.php(845): Illuminate\\Foundation\\ProviderRepository->load()
#8 /var/www/html/vendor/laravel/framework/src/Illuminate/Foundation/Bootstrap/RegisterProviders.php(37): Illuminate\\Foundation\\Application->registerConfiguredProviders()
#9 /var/www/html/vendor/laravel/framework/src/Illuminate/Foundation/Application.php(316): Illuminate\\Foundation\\Bootstrap\\RegisterProviders->bootstrap()
#10 /var/www/html/vendor/laravel/framework/src/Illuminate/Foundation/Console/Kernel.php(473): Illuminate\\Foundation\\Application->bootstrapWith()
#11 /var/www/html/vendor/laravel/framework/src/Illuminate/Foundation/Console/Kernel.php(195): Illuminate\\Foundation\\Console\\Kernel->bootstrap()
#12 /var/www/html/vendor/laravel/framework/src/Illuminate/Foundation/Application.php(1205): Illuminate\\Foundation\\Console\\Kernel->handle()
#13 /var/www/html/artisan(13): Illuminate\\Foundation\\Application->handleCommand()
#14 {main}
"} 
[2024-11-14 12:21:20] local.ERROR: include(/var/www/html/vendor/composer/../revolution/self-ordering/src/Providers/OrderingServiceProvider.php): Failed to open stream: No such file or directory {"exception":"[object] (ErrorException(code: 0): include(/var/www/html/vendor/composer/../revolution/self-ordering/src/Providers/OrderingServiceProvider.php): Failed to open stream: No such file or directory at /var/www/html/vendor/composer/ClassLoader.php:576)
[stacktrace]
#0 /var/www/html/vendor/laravel/framework/src/Illuminate/Foundation/Bootstrap/HandleExceptions.php(256): Illuminate\\Foundation\\Bootstrap\\HandleExceptions->handleError()
#1 /var/www/html/vendor/composer/ClassLoader.php(576): Illuminate\\Foundation\\Bootstrap\\HandleExceptions->Illuminate\\Foundation\\Bootstrap\\{closure}()
#2 /var/www/html/vendor/composer/ClassLoader.php(576): include('...')
#3 /var/www/html/vendor/composer/ClassLoader.php(427): Composer\\Autoload\\{closure}()
#4 /var/www/html/vendor/laravel/framework/src/Illuminate/Foundation/Application.php(935): Composer\\Autoload\\ClassLoader->loadClass()
#5 /var/www/html/vendor/laravel/framework/src/Illuminate/Foundation/Application.php(867): Illuminate\\Foundation\\Application->resolveProvider()
#6 /var/www/html/vendor/laravel/framework/src/Illuminate/Foundation/ProviderRepository.php(75): Illuminate\\Foundation\\Application->register()
#7 /var/www/html/vendor/laravel/framework/src/Illuminate/Foundation/Application.php(845): Illuminate\\Foundation\\ProviderRepository->load()
#8 /var/www/html/vendor/laravel/framework/src/Illuminate/Foundation/Bootstrap/RegisterProviders.php(37): Illuminate\\Foundation\\Application->registerConfiguredProviders()
#9 /var/www/html/vendor/laravel/framework/src/Illuminate/Foundation/Application.php(316): Illuminate\\Foundation\\Bootstrap\\RegisterProviders->bootstrap()
#10 /var/www/html/vendor/laravel/framework/src/Illuminate/Foundation/Console/Kernel.php(473): Illuminate\\Foundation\\Application->bootstrapWith()
#11 /var/www/html/vendor/laravel/framework/src/Illuminate/Foundation/Console/Kernel.php(195): Illuminate\\Foundation\\Console\\Kernel->bootstrap()
#12 /var/www/html/vendor/laravel/framework/src/Illuminate/Foundation/Application.php(1205): Illuminate\\Foundation\\Console\\Kernel->handle()
#13 /var/www/html/artisan(13): Illuminate\\Foundation\\Application->handleCommand()
#14 {main}
"} 
[2024-11-14 12:21:24] local.ERROR: include(/var/www/html/vendor/composer/../revolution/self-ordering/src/Providers/OrderingServiceProvider.php): Failed to open stream: No such file or directory {"exception":"[object] (ErrorException(code: 0): include(/var/www/html/vendor/composer/../revolution/self-ordering/src/Providers/OrderingServiceProvider.php): Failed to open stream: No such file or directory at /var/www/html/vendor/composer/ClassLoader.php:576)
[stacktrace]
#0 /var/www/html/vendor/laravel/framework/src/Illuminate/Foundation/Bootstrap/HandleExceptions.php(256): Illuminate\\Foundation\\Bootstrap\\HandleExceptions->handleError()
#1 /var/www/html/vendor/composer/ClassLoader.php(576): Illuminate\\Foundation\\Bootstrap\\HandleExceptions->Illuminate\\Foundation\\Bootstrap\\{closure}()
#2 /var/www/html/vendor/composer/ClassLoader.php(576): include('...')
#3 /var/www/html/vendor/composer/ClassLoader.php(427): Composer\\Autoload\\{closure}()
#4 /var/www/html/vendor/laravel/framework/src/Illuminate/Foundation/Application.php(935): Composer\\Autoload\\ClassLoader->loadClass()
#5 /var/www/html/vendor/laravel/framework/src/Illuminate/Foundation/Application.php(867): Illuminate\\Foundation\\Application->resolveProvider()
#6 /var/www/html/vendor/laravel/framework/src/Illuminate/Foundation/ProviderRepository.php(75): Illuminate\\Foundation\\Application->register()
#7 /var/www/html/vendor/laravel/framework/src/Illuminate/Foundation/Application.php(845): Illuminate\\Foundation\\ProviderRepository->load()
#8 /var/www/html/vendor/laravel/framework/src/Illuminate/Foundation/Bootstrap/RegisterProviders.php(37): Illuminate\\Foundation\\Application->registerConfiguredProviders()
#9 /var/www/html/vendor/laravel/framework/src/Illuminate/Foundation/Application.php(316): Illuminate\\Foundation\\Bootstrap\\RegisterProviders->bootstrap()
#10 /var/www/html/vendor/laravel/framework/src/Illuminate/Foundation/Console/Kernel.php(473): Illuminate\\Foundation\\Application->bootstrapWith()
#11 /var/www/html/vendor/laravel/framework/src/Illuminate/Foundation/Console/Kernel.php(195): Illuminate\\Foundation\\Console\\Kernel->bootstrap()
#12 /var/www/html/vendor/laravel/framework/src/Illuminate/Foundation/Application.php(1205): Illuminate\\Foundation\\Console\\Kernel->handle()
#13 /var/www/html/artisan(13): Illuminate\\Foundation\\Application->handleCommand()
#14 {main}
"} 
[2024-11-14 12:21:27] local.ERROR: include(/var/www/html/vendor/composer/../revolution/self-ordering/src/Providers/OrderingServiceProvider.php): Failed to open stream: No such file or directory {"exception":"[object] (ErrorException(code: 0): include(/var/www/html/vendor/composer/../revolution/self-ordering/src/Providers/OrderingServiceProvider.php): Failed to open stream: No such file or directory at /var/www/html/vendor/composer/ClassLoader.php:576)
[stacktrace]
#0 /var/www/html/vendor/laravel/framework/src/Illuminate/Foundation/Bootstrap/HandleExceptions.php(256): Illuminate\\Foundation\\Bootstrap\\HandleExceptions->handleError()
#1 /var/www/html/vendor/composer/ClassLoader.php(576): Illuminate\\Foundation\\Bootstrap\\HandleExceptions->Illuminate\\Foundation\\Bootstrap\\{closure}()
#2 /var/www/html/vendor/composer/ClassLoader.php(576): include('...')
#3 /var/www/html/vendor/composer/ClassLoader.php(427): Composer\\Autoload\\{closure}()
#4 /var/www/html/vendor/laravel/framework/src/Illuminate/Foundation/Application.php(935): Composer\\Autoload\\ClassLoader->loadClass()
#5 /var/www/html/vendor/laravel/framework/src/Illuminate/Foundation/Application.php(867): Illuminate\\Foundation\\Application->resolveProvider()
#6 /var/www/html/vendor/laravel/framework/src/Illuminate/Foundation/ProviderRepository.php(75): Illuminate\\Foundation\\Application->register()
#7 /var/www/html/vendor/laravel/framework/src/Illuminate/Foundation/Application.php(845): Illuminate\\Foundation\\ProviderRepository->load()
#8 /var/www/html/vendor/laravel/framework/src/Illuminate/Foundation/Bootstrap/RegisterProviders.php(37): Illuminate\\Foundation\\Application->registerConfiguredProviders()
#9 /var/www/html/vendor/laravel/framework/src/Illuminate/Foundation/Application.php(316): Illuminate\\Foundation\\Bootstrap\\RegisterProviders->bootstrap()
#10 /var/www/html/vendor/laravel/framework/src/Illuminate/Foundation/Console/Kernel.php(473): Illuminate\\Foundation\\Application->bootstrapWith()
#11 /var/www/html/vendor/laravel/framework/src/Illuminate/Foundation/Console/Kernel.php(195): Illuminate\\Foundation\\Console\\Kernel->bootstrap()
#12 /var/www/html/vendor/laravel/framework/src/Illuminate/Foundation/Application.php(1205): Illuminate\\Foundation\\Console\\Kernel->handle()
#13 /var/www/html/artisan(13): Illuminate\\Foundation\\Application->handleCommand()
#14 {main}
"} 
[2024-11-14 12:21:29] local.ERROR: include(/var/www/html/vendor/composer/../revolution/self-ordering/src/Providers/OrderingServiceProvider.php): Failed to open stream: No such file or directory {"exception":"[object] (ErrorException(code: 0): include(/var/www/html/vendor/composer/../revolution/self-ordering/src/Providers/OrderingServiceProvider.php): Failed to open stream: No such file or directory at /var/www/html/vendor/composer/ClassLoader.php:576)
[stacktrace]
#0 /var/www/html/vendor/laravel/framework/src/Illuminate/Foundation/Bootstrap/HandleExceptions.php(256): Illuminate\\Foundation\\Bootstrap\\HandleExceptions->handleError()
#1 /var/www/html/vendor/composer/ClassLoader.php(576): Illuminate\\Foundation\\Bootstrap\\HandleExceptions->Illuminate\\Foundation\\Bootstrap\\{closure}()
#2 /var/www/html/vendor/composer/ClassLoader.php(576): include('...')
#3 /var/www/html/vendor/composer/ClassLoader.php(427): Composer\\Autoload\\{closure}()
#4 /var/www/html/vendor/laravel/framework/src/Illuminate/Foundation/Application.php(935): Composer\\Autoload\\ClassLoader->loadClass()
#5 /var/www/html/vendor/laravel/framework/src/Illuminate/Foundation/Application.php(867): Illuminate\\Foundation\\Application->resolveProvider()
#6 /var/www/html/vendor/laravel/framework/src/Illuminate/Foundation/ProviderRepository.php(75): Illuminate\\Foundation\\Application->register()
#7 /var/www/html/vendor/laravel/framework/src/Illuminate/Foundation/Application.php(845): Illuminate\\Foundation\\ProviderRepository->load()
#8 /var/www/html/vendor/laravel/framework/src/Illuminate/Foundation/Bootstrap/RegisterProviders.php(37): Illuminate\\Foundation\\Application->registerConfiguredProviders()
#9 /var/www/html/vendor/laravel/framework/src/Illuminate/Foundation/Application.php(316): Illuminate\\Foundation\\Bootstrap\\RegisterProviders->bootstrap()
#10 /var/www/html/vendor/laravel/framework/src/Illuminate/Foundation/Console/Kernel.php(473): Illuminate\\Foundation\\Application->bootstrapWith()
#11 /var/www/html/vendor/laravel/framework/src/Illuminate/Foundation/Console/Kernel.php(195): Illuminate\\Foundation\\Console\\Kernel->bootstrap()
#12 /var/www/html/vendor/laravel/framework/src/Illuminate/Foundation/Application.php(1205): Illuminate\\Foundation\\Console\\Kernel->handle()
#13 /var/www/html/artisan(13): Illuminate\\Foundation\\Application->handleCommand()
#14 {main}
"} 
[2024-11-14 12:21:31] local.ERROR: include(/var/www/html/vendor/composer/../revolution/self-ordering/src/Providers/OrderingServiceProvider.php): Failed to open stream: No such file or directory {"exception":"[object] (ErrorException(code: 0): include(/var/www/html/vendor/composer/../revolution/self-ordering/src/Providers/OrderingServiceProvider.php): Failed to open stream: No such file or directory at /var/www/html/vendor/composer/ClassLoader.php:576)
[stacktrace]
#0 /var/www/html/vendor/laravel/framework/src/Illuminate/Foundation/Bootstrap/HandleExceptions.php(256): Illuminate\\Foundation\\Bootstrap\\HandleExceptions->handleError()
#1 /var/www/html/vendor/composer/ClassLoader.php(576): Illuminate\\Foundation\\Bootstrap\\HandleExceptions->Illuminate\\Foundation\\Bootstrap\\{closure}()
#2 /var/www/html/vendor/composer/ClassLoader.php(576): include('...')
#3 /var/www/html/vendor/composer/ClassLoader.php(427): Composer\\Autoload\\{closure}()
#4 /var/www/html/vendor/laravel/framework/src/Illuminate/Foundation/Application.php(935): Composer\\Autoload\\ClassLoader->loadClass()
#5 /var/www/html/vendor/laravel/framework/src/Illuminate/Foundation/Application.php(867): Illuminate\\Foundation\\Application->resolveProvider()
#6 /var/www/html/vendor/laravel/framework/src/Illuminate/Foundation/ProviderRepository.php(75): Illuminate\\Foundation\\Application->register()
#7 /var/www/html/vendor/laravel/framework/src/Illuminate/Foundation/Application.php(845): Illuminate\\Foundation\\ProviderRepository->load()
#8 /var/www/html/vendor/laravel/framework/src/Illuminate/Foundation/Bootstrap/RegisterProviders.php(37): Illuminate\\Foundation\\Application->registerConfiguredProviders()
#9 /var/www/html/vendor/laravel/framework/src/Illuminate/Foundation/Application.php(316): Illuminate\\Foundation\\Bootstrap\\RegisterProviders->bootstrap()
#10 /var/www/html/vendor/laravel/framework/src/Illuminate/Foundation/Console/Kernel.php(473): Illuminate\\Foundation\\Application->bootstrapWith()
#11 /var/www/html/vendor/laravel/framework/src/Illuminate/Foundation/Console/Kernel.php(195): Illuminate\\Foundation\\Console\\Kernel->bootstrap()
#12 /var/www/html/vendor/laravel/framework/src/Illuminate/Foundation/Application.php(1205): Illuminate\\Foundation\\Console\\Kernel->handle()
#13 /var/www/html/artisan(13): Illuminate\\Foundation\\Application->handleCommand()
#14 {main}
"} 
[2024-11-14 12:21:34] local.ERROR: include(/var/www/html/vendor/composer/../revolution/self-ordering/src/Providers/OrderingServiceProvider.php): Failed to open stream: No such file or directory {"exception":"[object] (ErrorException(code: 0): include(/var/www/html/vendor/composer/../revolution/self-ordering/src/Providers/OrderingServiceProvider.php): Failed to open stream: No such file or directory at /var/www/html/vendor/composer/ClassLoader.php:576)
[stacktrace]
#0 /var/www/html/vendor/laravel/framework/src/Illuminate/Foundation/Bootstrap/HandleExceptions.php(256): Illuminate\\Foundation\\Bootstrap\\HandleExceptions->handleError()
#1 /var/www/html/vendor/composer/ClassLoader.php(576): Illuminate\\Foundation\\Bootstrap\\HandleExceptions->Illuminate\\Foundation\\Bootstrap\\{closure}()
#2 /var/www/html/vendor/composer/ClassLoader.php(576): include('...')
#3 /var/www/html/vendor/composer/ClassLoader.php(427): Composer\\Autoload\\{closure}()
#4 /var/www/html/vendor/laravel/framework/src/Illuminate/Foundation/Application.php(935): Composer\\Autoload\\ClassLoader->loadClass()
#5 /var/www/html/vendor/laravel/framework/src/Illuminate/Foundation/Application.php(867): Illuminate\\Foundation\\Application->resolveProvider()
#6 /var/www/html/vendor/laravel/framework/src/Illuminate/Foundation/ProviderRepository.php(75): Illuminate\\Foundation\\Application->register()
#7 /var/www/html/vendor/laravel/framework/src/Illuminate/Foundation/Application.php(845): Illuminate\\Foundation\\ProviderRepository->load()
#8 /var/www/html/vendor/laravel/framework/src/Illuminate/Foundation/Bootstrap/RegisterProviders.php(37): Illuminate\\Foundation\\Application->registerConfiguredProviders()
#9 /var/www/html/vendor/laravel/framework/src/Illuminate/Foundation/Application.php(316): Illuminate\\Foundation\\Bootstrap\\RegisterProviders->bootstrap()
#10 /var/www/html/vendor/laravel/framework/src/Illuminate/Foundation/Console/Kernel.php(473): Illuminate\\Foundation\\Application->bootstrapWith()
#11 /var/www/html/vendor/laravel/framework/src/Illuminate/Foundation/Console/Kernel.php(195): Illuminate\\Foundation\\Console\\Kernel->bootstrap()
#12 /var/www/html/vendor/laravel/framework/src/Illuminate/Foundation/Application.php(1205): Illuminate\\Foundation\\Console\\Kernel->handle()
#13 /var/www/html/artisan(13): Illuminate\\Foundation\\Application->handleCommand()
#14 {main}
"} 
[2024-11-14 12:21:37] local.ERROR: include(/var/www/html/vendor/composer/../revolution/self-ordering/src/Providers/OrderingServiceProvider.php): Failed to open stream: No such file or directory {"exception":"[object] (ErrorException(code: 0): include(/var/www/html/vendor/composer/../revolution/self-ordering/src/Providers/OrderingServiceProvider.php): Failed to open stream: No such file or directory at /var/www/html/vendor/composer/ClassLoader.php:576)
[stacktrace]
#0 /var/www/html/vendor/laravel/framework/src/Illuminate/Foundation/Bootstrap/HandleExceptions.php(256): Illuminate\\Foundation\\Bootstrap\\HandleExceptions->handleError()
#1 /var/www/html/vendor/composer/ClassLoader.php(576): Illuminate\\Foundation\\Bootstrap\\HandleExceptions->Illuminate\\Foundation\\Bootstrap\\{closure}()
#2 /var/www/html/vendor/composer/ClassLoader.php(576): include('...')
#3 /var/www/html/vendor/composer/ClassLoader.php(427): Composer\\Autoload\\{closure}()
#4 /var/www/html/vendor/laravel/framework/src/Illuminate/Foundation/Application.php(935): Composer\\Autoload\\ClassLoader->loadClass()
#5 /var/www/html/vendor/laravel/framework/src/Illuminate/Foundation/Application.php(867): Illuminate\\Foundation\\Application->resolveProvider()
#6 /var/www/html/vendor/laravel/framework/src/Illuminate/Foundation/ProviderRepository.php(75): Illuminate\\Foundation\\Application->register()
#7 /var/www/html/vendor/laravel/framework/src/Illuminate/Foundation/Application.php(845): Illuminate\\Foundation\\ProviderRepository->load()
#8 /var/www/html/vendor/laravel/framework/src/Illuminate/Foundation/Bootstrap/RegisterProviders.php(37): Illuminate\\Foundation\\Application->registerConfiguredProviders()
#9 /var/www/html/vendor/laravel/framework/src/Illuminate/Foundation/Application.php(316): Illuminate\\Foundation\\Bootstrap\\RegisterProviders->bootstrap()
#10 /var/www/html/vendor/laravel/framework/src/Illuminate/Foundation/Console/Kernel.php(473): Illuminate\\Foundation\\Application->bootstrapWith()
#11 /var/www/html/vendor/laravel/framework/src/Illuminate/Foundation/Console/Kernel.php(195): Illuminate\\Foundation\\Console\\Kernel->bootstrap()
#12 /var/www/html/vendor/laravel/framework/src/Illuminate/Foundation/Application.php(1205): Illuminate\\Foundation\\Console\\Kernel->handle()
#13 /var/www/html/artisan(13): Illuminate\\Foundation\\Application->handleCommand()
#14 {main}
"} 
